Compiling the CXX compiler identification source file "CMakeCXXCompilerId.cpp" failed.
Compiler: /usr/bin/c++ 
Build flags: Wall;Wextra
Id flags:  

The output was:
1
c++: error: Wall: No such file or directory
c++: error: Wextra: No such file or directory


Compiling the CXX compiler identification source file "CMakeCXXCompilerId.cpp" failed.
Compiler: /usr/bin/c++ 
Build flags: Wall;Wextra
Id flags: -c 

The output was:
1
c++: error: Wall: No such file or directory
c++: error: Wextra: No such file or directory


Compiling the CXX compiler identification source file "CMakeCXXCompilerId.cpp" failed.
Compiler: /usr/bin/c++ 
Build flags: Wall;Wextra
Id flags: --c++ 

The output was:
1
c++: error: Wall: No such file or directory
c++: error: Wextra: No such file or directory
c++: error: unrecognized command line option ‘--c++’


Compiling the CXX compiler identification source file "CMakeCXXCompilerId.cpp" failed.
Compiler: /usr/bin/c++ 
Build flags: Wall;Wextra
Id flags: --ec++ 

The output was:
1
c++: error: Wall: No such file or directory
c++: error: Wextra: No such file or directory
c++: error: unrecognized command line option ‘--ec++’; did you mean ‘-Weffc++’?


Compiling the CXX compiler identification source file "CMakeCXXCompilerId.cpp" failed.
Compiler: /usr/bin/c++ 
Build flags: Wall;Wextra
Id flags: --target=arm-arm-none-eabi;-mcpu=cortex-m3 

The output was:
1
c++: error: Wall: No such file or directory
c++: error: Wextra: No such file or directory
c++: warning: ‘-mcpu=’ is deprecated; use ‘-mtune=’ or ‘-march=’ instead
c++: error: unrecognized command line option ‘--target=arm-arm-none-eabi’


Determining if the CXX compiler works failed with the following output:
Change Dir: /mnt/c/Users/nandi/Documents/Programas 2022.2/Programas em C++/MetodologiaDePesquisa/cmake-build-cdebug/CMakeFiles/CMakeTmp

Run Build Command(s):/usr/bin/make cmTC_d613f/fast && /usr/bin/make -f CMakeFiles/cmTC_d613f.dir/build.make CMakeFiles/cmTC_d613f.dir/build
make[1]: Entering directory '/mnt/c/Users/nandi/Documents/Programas 2022.2/Programas em C++/MetodologiaDePesquisa/cmake-build-cdebug/CMakeFiles/CMakeTmp'
Building CXX object CMakeFiles/cmTC_d613f.dir/testCXXCompiler.cxx.o
/usr/bin/c++    Wall Wextra    -o CMakeFiles/cmTC_d613f.dir/testCXXCompiler.cxx.o -c "/mnt/c/Users/nandi/Documents/Programas 2022.2/Programas em C++/MetodologiaDePesquisa/cmake-build-cdebug/CMakeFiles/CMakeTmp/testCXXCompiler.cxx"
c++: error: Wall: No such file or directory
c++: error: Wextra: No such file or directory
make[1]: *** [CMakeFiles/cmTC_d613f.dir/build.make:66: CMakeFiles/cmTC_d613f.dir/testCXXCompiler.cxx.o] Error 1
make[1]: Leaving directory '/mnt/c/Users/nandi/Documents/Programas 2022.2/Programas em C++/MetodologiaDePesquisa/cmake-build-cdebug/CMakeFiles/CMakeTmp'
make: *** [Makefile:121: cmTC_d613f/fast] Error 2



